-------------------------------------------------------------------------------
Test set: com.example.fi.service.FiEventServiceTest
-------------------------------------------------------------------------------
Tests run: 1, Failures: 0, Errors: 1, Skipped: 0, Time elapsed: 18.36 s <<< FAILURE! -- in com.example.fi.service.FiEventServiceTest
com.example.fi.service.FiEventServiceTest.processEvent_success -- Time elapsed: 2.106 s <<< ERROR!
org.apache.kafka.common.KafkaException: Failed to construct kafka producer
	at org.apache.kafka.clients.producer.KafkaProducer.<init>(KafkaProducer.java:476)
	at org.apache.kafka.clients.producer.KafkaProducer.<init>(KafkaProducer.java:297)
	at org.springframework.kafka.core.DefaultKafkaProducerFactory.createRawProducer(DefaultKafkaProducerFactory.java:944)
	at org.springframework.kafka.core.DefaultKafkaProducerFactory.createKafkaProducer(DefaultKafkaProducerFactory.java:826)
	at org.springframework.kafka.core.DefaultKafkaProducerFactory.doCreateProducer(DefaultKafkaProducerFactory.java:793)
	at org.springframework.kafka.core.DefaultKafkaProducerFactory.createProducer(DefaultKafkaProducerFactory.java:768)
	at org.springframework.kafka.core.DefaultKafkaProducerFactory.createProducer(DefaultKafkaProducerFactory.java:762)
	at org.springframework.kafka.core.KafkaTemplate.getTheProducer(KafkaTemplate.java:991)
	at org.springframework.kafka.core.KafkaTemplate.doSend(KafkaTemplate.java:843)
	at org.springframework.kafka.core.KafkaTemplate.observeSend(KafkaTemplate.java:820)
	at org.springframework.kafka.core.KafkaTemplate.send(KafkaTemplate.java:597)
	at com.example.fi.service.FiEventService.processEvent(FiEventService.java:27)
	at com.example.fi.service.FiEventServiceTest.processEvent_success(FiEventServiceTest.java:30)
	at java.base/java.lang.reflect.Method.invoke(Method.java:569)
	at java.base/java.util.ArrayList.forEach(ArrayList.java:1511)
	at java.base/java.util.ArrayList.forEach(ArrayList.java:1511)
Caused by: org.apache.kafka.common.config.ConfigException: Invalid url in bootstrap.servers: ${spring.kafka.bootstrap-servers}
	at org.apache.kafka.clients.ClientUtils.parseAndValidateAddresses(ClientUtils.java:74)
	at org.apache.kafka.clients.ClientUtils.parseAndValidateAddresses(ClientUtils.java:63)
	at org.apache.kafka.clients.ClientUtils.parseAndValidateAddresses(ClientUtils.java:59)
	at org.apache.kafka.clients.producer.KafkaProducer.<init>(KafkaProducer.java:451)
	... 15 more

